Analysis & Elaboration report for Proyecto1
Tue May 27 14:20:43 2025
Quartus Prime Version 20.1.1 Build 720 11/11/2020 SJ Lite Edition


---------------------
; Table of Contents ;
---------------------
  1. Legal Notice
  2. Analysis & Elaboration Summary
  3. Parallel Compilation
  4. Parameter Settings for User Entity Instance: uartController:uart_controller|uart_rx:uart_rx_inst
  5. Parameter Settings for User Entity Instance: uartController:uart_controller|uart_tx:uart_tx_inst
  6. Analysis & Elaboration Settings
  7. Port Connectivity Checks: "Alu_4b:alu_4bits|mult_4b:u_mult|ripple_adder:add3"
  8. Port Connectivity Checks: "Alu_4b:alu_4bits|mult_4b:u_mult|ripple_adder:add2"
  9. Port Connectivity Checks: "Alu_4b:alu_4bits|mult_4b:u_mult|ripple_adder:add1|full_adder:FA7"
 10. Port Connectivity Checks: "Alu_4b:alu_4bits|mult_4b:u_mult|ripple_adder:add1|full_adder:FA0"
 11. Port Connectivity Checks: "Alu_4b:alu_4bits|mult_4b:u_mult|ripple_adder:add1"
 12. Port Connectivity Checks: "Alu_4b:alu_4bits|mult_4b:u_mult"
 13. Port Connectivity Checks: "Alu_4b:alu_4bits|sub_4b:u_sub|full_adder:FA0"
 14. Port Connectivity Checks: "Alu_4b:alu_4bits|sub_4b:u_sub"
 15. Port Connectivity Checks: "uartController:uart_controller"
 16. Analysis & Elaboration Messages



----------------
; Legal Notice ;
----------------
Copyright (C) 2020  Intel Corporation. All rights reserved.
Your use of Intel Corporation's design tools, logic functions 
and other software and tools, and any partner logic 
functions, and any output files from any of the foregoing 
(including device programming or simulation files), and any 
associated documentation or information are expressly subject 
to the terms and conditions of the Intel Program License 
Subscription Agreement, the Intel Quartus Prime License Agreement,
the Intel FPGA IP License Agreement, or other applicable license
agreement, including, without limitation, that your use is for
the sole purpose of programming logic devices manufactured by
Intel and sold by Intel or its authorized distributors.  Please
refer to the applicable agreement for further details, at
https://fpgasoftware.intel.com/eula.



+-----------------------------------------------------------------------------+
; Analysis & Elaboration Summary                                              ;
+-------------------------------+---------------------------------------------+
; Analysis & Elaboration Status ; Successful - Tue May 27 14:20:43 2025       ;
; Quartus Prime Version         ; 20.1.1 Build 720 11/11/2020 SJ Lite Edition ;
; Revision Name                 ; Proyecto1                                   ;
; Top-level Entity Name         ; main_Top                                    ;
; Family                        ; Cyclone V                                   ;
; Logic utilization (in ALMs)   ; N/A until Partition Merge                   ;
; Total registers               ; N/A until Partition Merge                   ;
; Total pins                    ; N/A until Partition Merge                   ;
; Total virtual pins            ; N/A until Partition Merge                   ;
; Total block memory bits       ; N/A until Partition Merge                   ;
; Total PLLs                    ; N/A until Partition Merge                   ;
; Total DLLs                    ; N/A until Partition Merge                   ;
+-------------------------------+---------------------------------------------+


+------------------------------------------+
; Parallel Compilation                     ;
+----------------------------+-------------+
; Processors                 ; Number      ;
+----------------------------+-------------+
; Number detected on machine ; 12          ;
; Maximum allowed            ; 8           ;
;                            ;             ;
; Average used               ; 1.00        ;
; Maximum used               ; 1           ;
;                            ;             ;
; Usage by Processor         ; % Time Used ;
;     Processor 1            ; 100.0%      ;
+----------------------------+-------------+


+--------------------------------------------------------------------------------------------------+
; Parameter Settings for User Entity Instance: uartController:uart_controller|uart_rx:uart_rx_inst ;
+----------------+----------+----------------------------------------------------------------------+
; Parameter Name ; Value    ; Type                                                                 ;
+----------------+----------+----------------------------------------------------------------------+
; CLOCK_FREQ     ; 50000000 ; Signed Integer                                                       ;
; BAUD_RATE      ; 9600     ; Signed Integer                                                       ;
+----------------+----------+----------------------------------------------------------------------+
Note: In order to hide this table in the UI and the text report file, please set the "Show Parameter Settings in Synthesis Report" option in "Analysis and Synthesis Settings -> More Settings" to "Off".


+--------------------------------------------------------------------------------------------------+
; Parameter Settings for User Entity Instance: uartController:uart_controller|uart_tx:uart_tx_inst ;
+----------------+----------+----------------------------------------------------------------------+
; Parameter Name ; Value    ; Type                                                                 ;
+----------------+----------+----------------------------------------------------------------------+
; CLOCK_FREQ     ; 50000000 ; Signed Integer                                                       ;
; BAUD_RATE      ; 9600     ; Signed Integer                                                       ;
+----------------+----------+----------------------------------------------------------------------+
Note: In order to hide this table in the UI and the text report file, please set the "Show Parameter Settings in Synthesis Report" option in "Analysis and Synthesis Settings -> More Settings" to "Off".


+---------------------------------------------------------------------------------------------------------------------------+
; Analysis & Elaboration Settings                                                                                           ;
+---------------------------------------------------------------------------------+--------------------+--------------------+
; Option                                                                          ; Setting            ; Default Value      ;
+---------------------------------------------------------------------------------+--------------------+--------------------+
; Device                                                                          ; 5CSXFC6D6F31C6     ;                    ;
; Top-level entity name                                                           ; main_Top           ; Proyecto1          ;
; Family name                                                                     ; Cyclone V          ; Cyclone V          ;
; Use smart compilation                                                           ; Off                ; Off                ;
; Enable parallel Assembler and Timing Analyzer during compilation                ; On                 ; On                 ;
; Enable compact report table                                                     ; Off                ; Off                ;
; Restructure Multiplexers                                                        ; Auto               ; Auto               ;
; MLAB Add Timing Constraints For Mixed-Port Feed-Through Mode Setting Don't Care ; Off                ; Off                ;
; Create Debugging Nodes for IP Cores                                             ; Off                ; Off                ;
; Preserve fewer node names                                                       ; On                 ; On                 ;
; Intel FPGA IP Evaluation Mode                                                   ; Enable             ; Enable             ;
; Verilog Version                                                                 ; Verilog_2001       ; Verilog_2001       ;
; VHDL Version                                                                    ; VHDL_1993          ; VHDL_1993          ;
; State Machine Processing                                                        ; Auto               ; Auto               ;
; Safe State Machine                                                              ; Off                ; Off                ;
; Extract Verilog State Machines                                                  ; On                 ; On                 ;
; Extract VHDL State Machines                                                     ; On                 ; On                 ;
; Ignore Verilog initial constructs                                               ; Off                ; Off                ;
; Iteration limit for constant Verilog loops                                      ; 5000               ; 5000               ;
; Iteration limit for non-constant Verilog loops                                  ; 250                ; 250                ;
; Add Pass-Through Logic to Inferred RAMs                                         ; On                 ; On                 ;
; Infer RAMs from Raw Logic                                                       ; On                 ; On                 ;
; Parallel Synthesis                                                              ; On                 ; On                 ;
; DSP Block Balancing                                                             ; Auto               ; Auto               ;
; NOT Gate Push-Back                                                              ; On                 ; On                 ;
; Power-Up Don't Care                                                             ; On                 ; On                 ;
; Remove Redundant Logic Cells                                                    ; Off                ; Off                ;
; Remove Duplicate Registers                                                      ; On                 ; On                 ;
; Ignore CARRY Buffers                                                            ; Off                ; Off                ;
; Ignore CASCADE Buffers                                                          ; Off                ; Off                ;
; Ignore GLOBAL Buffers                                                           ; Off                ; Off                ;
; Ignore ROW GLOBAL Buffers                                                       ; Off                ; Off                ;
; Ignore LCELL Buffers                                                            ; Off                ; Off                ;
; Ignore SOFT Buffers                                                             ; On                 ; On                 ;
; Limit AHDL Integers to 32 Bits                                                  ; Off                ; Off                ;
; Optimization Technique                                                          ; Balanced           ; Balanced           ;
; Carry Chain Length                                                              ; 70                 ; 70                 ;
; Auto Carry Chains                                                               ; On                 ; On                 ;
; Auto Open-Drain Pins                                                            ; On                 ; On                 ;
; Perform WYSIWYG Primitive Resynthesis                                           ; Off                ; Off                ;
; Auto ROM Replacement                                                            ; On                 ; On                 ;
; Auto RAM Replacement                                                            ; On                 ; On                 ;
; Auto DSP Block Replacement                                                      ; On                 ; On                 ;
; Auto Shift Register Replacement                                                 ; Auto               ; Auto               ;
; Allow Shift Register Merging across Hierarchies                                 ; Auto               ; Auto               ;
; Auto Clock Enable Replacement                                                   ; On                 ; On                 ;
; Strict RAM Replacement                                                          ; Off                ; Off                ;
; Allow Synchronous Control Signals                                               ; On                 ; On                 ;
; Force Use of Synchronous Clear Signals                                          ; Off                ; Off                ;
; Auto Resource Sharing                                                           ; Off                ; Off                ;
; Allow Any RAM Size For Recognition                                              ; Off                ; Off                ;
; Allow Any ROM Size For Recognition                                              ; Off                ; Off                ;
; Allow Any Shift Register Size For Recognition                                   ; Off                ; Off                ;
; Use LogicLock Constraints during Resource Balancing                             ; On                 ; On                 ;
; Ignore translate_off and synthesis_off directives                               ; Off                ; Off                ;
; Timing-Driven Synthesis                                                         ; On                 ; On                 ;
; Report Parameter Settings                                                       ; On                 ; On                 ;
; Report Source Assignments                                                       ; On                 ; On                 ;
; Report Connectivity Checks                                                      ; On                 ; On                 ;
; Ignore Maximum Fan-Out Assignments                                              ; Off                ; Off                ;
; Synchronization Register Chain Length                                           ; 3                  ; 3                  ;
; Power Optimization During Synthesis                                             ; Normal compilation ; Normal compilation ;
; HDL message level                                                               ; Level2             ; Level2             ;
; Suppress Register Optimization Related Messages                                 ; Off                ; Off                ;
; Number of Removed Registers Reported in Synthesis Report                        ; 5000               ; 5000               ;
; Number of Swept Nodes Reported in Synthesis Report                              ; 5000               ; 5000               ;
; Number of Inverted Registers Reported in Synthesis Report                       ; 100                ; 100                ;
; Clock MUX Protection                                                            ; On                 ; On                 ;
; Auto Gated Clock Conversion                                                     ; Off                ; Off                ;
; Block Design Naming                                                             ; Auto               ; Auto               ;
; SDC constraint protection                                                       ; Off                ; Off                ;
; Synthesis Effort                                                                ; Auto               ; Auto               ;
; Shift Register Replacement - Allow Asynchronous Clear Signal                    ; On                 ; On                 ;
; Pre-Mapping Resynthesis Optimization                                            ; Off                ; Off                ;
; Analysis & Synthesis Message Level                                              ; Medium             ; Medium             ;
; Disable Register Merging Across Hierarchies                                     ; Auto               ; Auto               ;
; Resource Aware Inference For Block RAM                                          ; On                 ; On                 ;
; Automatic Parallel Synthesis                                                    ; On                 ; On                 ;
; Partial Reconfiguration Bitstream ID                                            ; Off                ; Off                ;
+---------------------------------------------------------------------------------+--------------------+--------------------+


+-------------------------------------------------------------------------------+
; Port Connectivity Checks: "Alu_4b:alu_4bits|mult_4b:u_mult|ripple_adder:add3" ;
+---------+-------+----------+--------------------------------------------------+
; Port    ; Type  ; Severity ; Details                                          ;
+---------+-------+----------+--------------------------------------------------+
; B[2..0] ; Input ; Info     ; Stuck at GND                                     ;
; B[7]    ; Input ; Info     ; Stuck at GND                                     ;
+---------+-------+----------+--------------------------------------------------+


+-------------------------------------------------------------------------------+
; Port Connectivity Checks: "Alu_4b:alu_4bits|mult_4b:u_mult|ripple_adder:add2" ;
+---------+-------+----------+--------------------------------------------------+
; Port    ; Type  ; Severity ; Details                                          ;
+---------+-------+----------+--------------------------------------------------+
; B[7..6] ; Input ; Info     ; Stuck at GND                                     ;
; B[1..0] ; Input ; Info     ; Stuck at GND                                     ;
+---------+-------+----------+--------------------------------------------------+


+----------------------------------------------------------------------------------------------------------------+
; Port Connectivity Checks: "Alu_4b:alu_4bits|mult_4b:u_mult|ripple_adder:add1|full_adder:FA7"                   ;
+------+--------+----------+-------------------------------------------------------------------------------------+
; Port ; Type   ; Severity ; Details                                                                             ;
+------+--------+----------+-------------------------------------------------------------------------------------+
; Cout ; Output ; Info     ; Connected to dangling logic. Logic that only feeds a dangling port will be removed. ;
+------+--------+----------+-------------------------------------------------------------------------------------+


+----------------------------------------------------------------------------------------------+
; Port Connectivity Checks: "Alu_4b:alu_4bits|mult_4b:u_mult|ripple_adder:add1|full_adder:FA0" ;
+------+-------+----------+--------------------------------------------------------------------+
; Port ; Type  ; Severity ; Details                                                            ;
+------+-------+----------+--------------------------------------------------------------------+
; Cin  ; Input ; Info     ; Stuck at GND                                                       ;
+------+-------+----------+--------------------------------------------------------------------+


+-------------------------------------------------------------------------------+
; Port Connectivity Checks: "Alu_4b:alu_4bits|mult_4b:u_mult|ripple_adder:add1" ;
+---------+-------+----------+--------------------------------------------------+
; Port    ; Type  ; Severity ; Details                                          ;
+---------+-------+----------+--------------------------------------------------+
; A[7..4] ; Input ; Info     ; Stuck at GND                                     ;
; B[7..5] ; Input ; Info     ; Stuck at GND                                     ;
; B[0]    ; Input ; Info     ; Stuck at GND                                     ;
+---------+-------+----------+--------------------------------------------------+


+-------------------------------------------------------------------------------------------------------------------------------------------------+
; Port Connectivity Checks: "Alu_4b:alu_4bits|mult_4b:u_mult"                                                                                     ;
+------+--------+----------+----------------------------------------------------------------------------------------------------------------------+
; Port ; Type   ; Severity ; Details                                                                                                              ;
+------+--------+----------+----------------------------------------------------------------------------------------------------------------------+
; P    ; Output ; Warning  ; Output or bidir port (8 bits) is wider than the port expression (4 bits) it drives; bit(s) "P[7..4]" have no fanouts ;
+------+--------+----------+----------------------------------------------------------------------------------------------------------------------+


+--------------------------------------------------------------------------+
; Port Connectivity Checks: "Alu_4b:alu_4bits|sub_4b:u_sub|full_adder:FA0" ;
+------+-------+----------+------------------------------------------------+
; Port ; Type  ; Severity ; Details                                        ;
+------+-------+----------+------------------------------------------------+
; Cin  ; Input ; Info     ; Stuck at VCC                                   ;
+------+-------+----------+------------------------------------------------+


+-------------------------------------------------------------------------------------------------------------------------------------+
; Port Connectivity Checks: "Alu_4b:alu_4bits|sub_4b:u_sub"                                                                           ;
+------+--------+----------+----------------------------------------------------------------------------------------------------------+
; Port ; Type   ; Severity ; Details                                                                                                  ;
+------+--------+----------+----------------------------------------------------------------------------------------------------------+
; Cout ; Output ; Warning  ; Declared by entity but not connected by instance. Logic that only feeds a dangling port will be removed. ;
+------+--------+----------+----------------------------------------------------------------------------------------------------------+


+----------------------------------------------------------------------------------------------------------------------------------------------------------+
; Port Connectivity Checks: "uartController:uart_controller"                                                                                               ;
+---------+--------+----------+----------------------------------------------------------------------------------------------------------------------------+
; Port    ; Type   ; Severity ; Details                                                                                                                    ;
+---------+--------+----------+----------------------------------------------------------------------------------------------------------------------------+
; data_in ; Output ; Warning  ; Output or bidir port (5 bits) is wider than the port expression (4 bits) it drives; bit(s) "data_in[4..4]" have no fanouts ;
+---------+--------+----------+----------------------------------------------------------------------------------------------------------------------------+


+---------------------------------+
; Analysis & Elaboration Messages ;
+---------------------------------+
Info: *******************************************************************
Info: Running Quartus Prime Analysis & Elaboration
    Info: Version 20.1.1 Build 720 11/11/2020 SJ Lite Edition
    Info: Processing started: Tue May 27 14:20:26 2025
Info: Command: quartus_map --read_settings_files=on --write_settings_files=off Proyecto1 -c Proyecto1 --analysis_and_elaboration
Warning (18236): Number of processors has not been specified which may cause overloading on shared machines.  Set the global assignment NUM_PARALLEL_PROCESSORS in your QSF to an appropriate value for best performance.
Info (20030): Parallel compilation is enabled and will use 8 of the 8 processors detected
Info (12021): Found 1 design units, including 1 entities, in source file uart_rx.sv
    Info (12023): Found entity 1: uart_rx File: C:/Users/josea/OneDrive/Escritorio/Andres/TEC/2025_SemestreI/FundamentosDeArquitecturaDeComputadores/Proyectos/ProyectoIndividualI/O_Soto_compu_archi_found_1SG1_2025/Proyecto1/uart_rx.sv Line: 1
Info (12021): Found 1 design units, including 1 entities, in source file uart_tx.sv
    Info (12023): Found entity 1: uart_tx File: C:/Users/josea/OneDrive/Escritorio/Andres/TEC/2025_SemestreI/FundamentosDeArquitecturaDeComputadores/Proyectos/ProyectoIndividualI/O_Soto_compu_archi_found_1SG1_2025/Proyecto1/uart_tx.sv Line: 18
Info (12021): Found 1 design units, including 1 entities, in source file uartcontroller.sv
    Info (12023): Found entity 1: uartController File: C:/Users/josea/OneDrive/Escritorio/Andres/TEC/2025_SemestreI/FundamentosDeArquitecturaDeComputadores/Proyectos/ProyectoIndividualI/O_Soto_compu_archi_found_1SG1_2025/Proyecto1/uartController.sv Line: 24
Info (12021): Found 1 design units, including 1 entities, in source file main_top.sv
    Info (12023): Found entity 1: main_Top File: C:/Users/josea/OneDrive/Escritorio/Andres/TEC/2025_SemestreI/FundamentosDeArquitecturaDeComputadores/Proyectos/ProyectoIndividualI/O_Soto_compu_archi_found_1SG1_2025/Proyecto1/main_Top.sv Line: 1
Info (12021): Found 1 design units, including 1 entities, in source file leds_controller.sv
    Info (12023): Found entity 1: leds_controller File: C:/Users/josea/OneDrive/Escritorio/Andres/TEC/2025_SemestreI/FundamentosDeArquitecturaDeComputadores/Proyectos/ProyectoIndividualI/O_Soto_compu_archi_found_1SG1_2025/Proyecto1/leds_controller.sv Line: 1
Info (12021): Found 1 design units, including 1 entities, in source file mux2x1_16bit.sv
    Info (12023): Found entity 1: mux2x1_16bit File: C:/Users/josea/OneDrive/Escritorio/Andres/TEC/2025_SemestreI/FundamentosDeArquitecturaDeComputadores/Proyectos/ProyectoIndividualI/O_Soto_compu_archi_found_1SG1_2025/Proyecto1/mux2x1_16bit.sv Line: 1
Info (12021): Found 1 design units, including 1 entities, in source file mux2to1_1bit.sv
    Info (12023): Found entity 1: mux2to1_1bit File: C:/Users/josea/OneDrive/Escritorio/Andres/TEC/2025_SemestreI/FundamentosDeArquitecturaDeComputadores/Proyectos/ProyectoIndividualI/O_Soto_compu_archi_found_1SG1_2025/Proyecto1/mux2to1_1bit.sv Line: 1
Info (12021): Found 1 design units, including 1 entities, in source file mux2to1_param.sv
    Info (12023): Found entity 1: mux2to1_param File: C:/Users/josea/OneDrive/Escritorio/Andres/TEC/2025_SemestreI/FundamentosDeArquitecturaDeComputadores/Proyectos/ProyectoIndividualI/O_Soto_compu_archi_found_1SG1_2025/Proyecto1/mux2to1_param.sv Line: 1
Info (12021): Found 1 design units, including 1 entities, in source file mux3to1_1bit.sv
    Info (12023): Found entity 1: mux3to1_1bit File: C:/Users/josea/OneDrive/Escritorio/Andres/TEC/2025_SemestreI/FundamentosDeArquitecturaDeComputadores/Proyectos/ProyectoIndividualI/O_Soto_compu_archi_found_1SG1_2025/Proyecto1/mux3to1_1bit.sv Line: 1
Info (12021): Found 1 design units, including 1 entities, in source file mux3to1_param.sv
    Info (12023): Found entity 1: mux3to1_param File: C:/Users/josea/OneDrive/Escritorio/Andres/TEC/2025_SemestreI/FundamentosDeArquitecturaDeComputadores/Proyectos/ProyectoIndividualI/O_Soto_compu_archi_found_1SG1_2025/Proyecto1/mux3to1_param.sv Line: 1
Info (12021): Found 1 design units, including 1 entities, in source file pwm.sv
    Info (12023): Found entity 1: pwm File: C:/Users/josea/OneDrive/Escritorio/Andres/TEC/2025_SemestreI/FundamentosDeArquitecturaDeComputadores/Proyectos/ProyectoIndividualI/O_Soto_compu_archi_found_1SG1_2025/Proyecto1/pwm.sv Line: 1
Info (12021): Found 1 design units, including 1 entities, in source file tb_pwm.sv
    Info (12023): Found entity 1: tb_pwm File: C:/Users/josea/OneDrive/Escritorio/Andres/TEC/2025_SemestreI/FundamentosDeArquitecturaDeComputadores/Proyectos/ProyectoIndividualI/O_Soto_compu_archi_found_1SG1_2025/Proyecto1/tb_pwm.sv Line: 1
Info (12021): Found 1 design units, including 1 entities, in source file hex7seg.sv
    Info (12023): Found entity 1: hex7seg File: C:/Users/josea/OneDrive/Escritorio/Andres/TEC/2025_SemestreI/FundamentosDeArquitecturaDeComputadores/Proyectos/ProyectoIndividualI/O_Soto_compu_archi_found_1SG1_2025/Proyecto1/hex7seg.sv Line: 1
Info (12021): Found 1 design units, including 1 entities, in source file mult_4b.sv
    Info (12023): Found entity 1: mult_4b File: C:/Users/josea/OneDrive/Escritorio/Andres/TEC/2025_SemestreI/FundamentosDeArquitecturaDeComputadores/Proyectos/ProyectoIndividualI/O_Soto_compu_archi_found_1SG1_2025/Proyecto1/mult_4b.sv Line: 1
Info (12021): Found 1 design units, including 1 entities, in source file mux4_1.sv
    Info (12023): Found entity 1: mux4_1 File: C:/Users/josea/OneDrive/Escritorio/Andres/TEC/2025_SemestreI/FundamentosDeArquitecturaDeComputadores/Proyectos/ProyectoIndividualI/O_Soto_compu_archi_found_1SG1_2025/Proyecto1/mux4_1.sv Line: 1
Info (12021): Found 1 design units, including 1 entities, in source file ripple_adder.sv
    Info (12023): Found entity 1: ripple_adder File: C:/Users/josea/OneDrive/Escritorio/Andres/TEC/2025_SemestreI/FundamentosDeArquitecturaDeComputadores/Proyectos/ProyectoIndividualI/O_Soto_compu_archi_found_1SG1_2025/Proyecto1/ripple_adder.sv Line: 1
Info (12021): Found 1 design units, including 1 entities, in source file sub_4b.sv
    Info (12023): Found entity 1: sub_4b File: C:/Users/josea/OneDrive/Escritorio/Andres/TEC/2025_SemestreI/FundamentosDeArquitecturaDeComputadores/Proyectos/ProyectoIndividualI/O_Soto_compu_archi_found_1SG1_2025/Proyecto1/sub_4b.sv Line: 1
Info (12021): Found 1 design units, including 1 entities, in source file alu_tb.sv
    Info (12023): Found entity 1: Alu_tb File: C:/Users/josea/OneDrive/Escritorio/Andres/TEC/2025_SemestreI/FundamentosDeArquitecturaDeComputadores/Proyectos/ProyectoIndividualI/O_Soto_compu_archi_found_1SG1_2025/Proyecto1/Alu_tb.sv Line: 1
Info (12021): Found 1 design units, including 1 entities, in source file xor_4b.sv
    Info (12023): Found entity 1: xor_4b File: C:/Users/josea/OneDrive/Escritorio/Andres/TEC/2025_SemestreI/FundamentosDeArquitecturaDeComputadores/Proyectos/ProyectoIndividualI/O_Soto_compu_archi_found_1SG1_2025/Proyecto1/xor_4b.sv Line: 1
Info (12021): Found 1 design units, including 1 entities, in source file alu_4b.sv
    Info (12023): Found entity 1: Alu_4b File: C:/Users/josea/OneDrive/Escritorio/Andres/TEC/2025_SemestreI/FundamentosDeArquitecturaDeComputadores/Proyectos/ProyectoIndividualI/O_Soto_compu_archi_found_1SG1_2025/Proyecto1/Alu_4b.sv Line: 1
Info (12021): Found 1 design units, including 1 entities, in source file and_4b.sv
    Info (12023): Found entity 1: and_4b File: C:/Users/josea/OneDrive/Escritorio/Andres/TEC/2025_SemestreI/FundamentosDeArquitecturaDeComputadores/Proyectos/ProyectoIndividualI/O_Soto_compu_archi_found_1SG1_2025/Proyecto1/and_4b.sv Line: 1
Info (12021): Found 1 design units, including 1 entities, in source file full_adder.sv
    Info (12023): Found entity 1: full_adder File: C:/Users/josea/OneDrive/Escritorio/Andres/TEC/2025_SemestreI/FundamentosDeArquitecturaDeComputadores/Proyectos/ProyectoIndividualI/O_Soto_compu_archi_found_1SG1_2025/Proyecto1/full_adder.sv Line: 1
Info (12021): Found 1 design units, including 1 entities, in source file hex7seg_tb.sv
    Info (12023): Found entity 1: hex7seg_tb File: C:/Users/josea/OneDrive/Escritorio/Andres/TEC/2025_SemestreI/FundamentosDeArquitecturaDeComputadores/Proyectos/ProyectoIndividualI/O_Soto_compu_archi_found_1SG1_2025/Proyecto1/hex7seg_tb.sv Line: 1
Info (12127): Elaborating entity "main_Top" for the top level hierarchy
Info (12128): Elaborating entity "uartController" for hierarchy "uartController:uart_controller" File: C:/Users/josea/OneDrive/Escritorio/Andres/TEC/2025_SemestreI/FundamentosDeArquitecturaDeComputadores/Proyectos/ProyectoIndividualI/O_Soto_compu_archi_found_1SG1_2025/Proyecto1/main_Top.sv Line: 22
Warning (10230): Verilog HDL assignment warning at uartController.sv(126): truncated value with size 32 to match size of target (1) File: C:/Users/josea/OneDrive/Escritorio/Andres/TEC/2025_SemestreI/FundamentosDeArquitecturaDeComputadores/Proyectos/ProyectoIndividualI/O_Soto_compu_archi_found_1SG1_2025/Proyecto1/uartController.sv Line: 126
Info (12128): Elaborating entity "uart_rx" for hierarchy "uartController:uart_controller|uart_rx:uart_rx_inst" File: C:/Users/josea/OneDrive/Escritorio/Andres/TEC/2025_SemestreI/FundamentosDeArquitecturaDeComputadores/Proyectos/ProyectoIndividualI/O_Soto_compu_archi_found_1SG1_2025/Proyecto1/uartController.sv Line: 74
Warning (10230): Verilog HDL assignment warning at uart_rx.sv(83): truncated value with size 32 to match size of target (13) File: C:/Users/josea/OneDrive/Escritorio/Andres/TEC/2025_SemestreI/FundamentosDeArquitecturaDeComputadores/Proyectos/ProyectoIndividualI/O_Soto_compu_archi_found_1SG1_2025/Proyecto1/uart_rx.sv Line: 83
Warning (10230): Verilog HDL assignment warning at uart_rx.sv(105): truncated value with size 32 to match size of target (3) File: C:/Users/josea/OneDrive/Escritorio/Andres/TEC/2025_SemestreI/FundamentosDeArquitecturaDeComputadores/Proyectos/ProyectoIndividualI/O_Soto_compu_archi_found_1SG1_2025/Proyecto1/uart_rx.sv Line: 105
Warning (10230): Verilog HDL assignment warning at uart_rx.sv(131): truncated value with size 32 to match size of target (13) File: C:/Users/josea/OneDrive/Escritorio/Andres/TEC/2025_SemestreI/FundamentosDeArquitecturaDeComputadores/Proyectos/ProyectoIndividualI/O_Soto_compu_archi_found_1SG1_2025/Proyecto1/uart_rx.sv Line: 131
Info (12128): Elaborating entity "uart_tx" for hierarchy "uartController:uart_controller|uart_tx:uart_tx_inst" File: C:/Users/josea/OneDrive/Escritorio/Andres/TEC/2025_SemestreI/FundamentosDeArquitecturaDeComputadores/Proyectos/ProyectoIndividualI/O_Soto_compu_archi_found_1SG1_2025/Proyecto1/uartController.sv Line: 90
Warning (10230): Verilog HDL assignment warning at uart_tx.sv(80): truncated value with size 32 to match size of target (13) File: C:/Users/josea/OneDrive/Escritorio/Andres/TEC/2025_SemestreI/FundamentosDeArquitecturaDeComputadores/Proyectos/ProyectoIndividualI/O_Soto_compu_archi_found_1SG1_2025/Proyecto1/uart_tx.sv Line: 80
Warning (10230): Verilog HDL assignment warning at uart_tx.sv(81): truncated value with size 32 to match size of target (3) File: C:/Users/josea/OneDrive/Escritorio/Andres/TEC/2025_SemestreI/FundamentosDeArquitecturaDeComputadores/Proyectos/ProyectoIndividualI/O_Soto_compu_archi_found_1SG1_2025/Proyecto1/uart_tx.sv Line: 81
Warning (10230): Verilog HDL assignment warning at uart_tx.sv(82): truncated value with size 32 to match size of target (8) File: C:/Users/josea/OneDrive/Escritorio/Andres/TEC/2025_SemestreI/FundamentosDeArquitecturaDeComputadores/Proyectos/ProyectoIndividualI/O_Soto_compu_archi_found_1SG1_2025/Proyecto1/uart_tx.sv Line: 82
Warning (10230): Verilog HDL assignment warning at uart_tx.sv(83): truncated value with size 32 to match size of target (1) File: C:/Users/josea/OneDrive/Escritorio/Andres/TEC/2025_SemestreI/FundamentosDeArquitecturaDeComputadores/Proyectos/ProyectoIndividualI/O_Soto_compu_archi_found_1SG1_2025/Proyecto1/uart_tx.sv Line: 83
Warning (10230): Verilog HDL assignment warning at uart_tx.sv(105): truncated value with size 32 to match size of target (13) File: C:/Users/josea/OneDrive/Escritorio/Andres/TEC/2025_SemestreI/FundamentosDeArquitecturaDeComputadores/Proyectos/ProyectoIndividualI/O_Soto_compu_archi_found_1SG1_2025/Proyecto1/uart_tx.sv Line: 105
Warning (10230): Verilog HDL assignment warning at uart_tx.sv(115): truncated value with size 32 to match size of target (3) File: C:/Users/josea/OneDrive/Escritorio/Andres/TEC/2025_SemestreI/FundamentosDeArquitecturaDeComputadores/Proyectos/ProyectoIndividualI/O_Soto_compu_archi_found_1SG1_2025/Proyecto1/uart_tx.sv Line: 115
Info (12128): Elaborating entity "Alu_4b" for hierarchy "Alu_4b:alu_4bits" File: C:/Users/josea/OneDrive/Escritorio/Andres/TEC/2025_SemestreI/FundamentosDeArquitecturaDeComputadores/Proyectos/ProyectoIndividualI/O_Soto_compu_archi_found_1SG1_2025/Proyecto1/main_Top.sv Line: 30
Info (12128): Elaborating entity "and_4b" for hierarchy "Alu_4b:alu_4bits|and_4b:u_and" File: C:/Users/josea/OneDrive/Escritorio/Andres/TEC/2025_SemestreI/FundamentosDeArquitecturaDeComputadores/Proyectos/ProyectoIndividualI/O_Soto_compu_archi_found_1SG1_2025/Proyecto1/Alu_4b.sv Line: 25
Info (12128): Elaborating entity "xor_4b" for hierarchy "Alu_4b:alu_4bits|xor_4b:u_or" File: C:/Users/josea/OneDrive/Escritorio/Andres/TEC/2025_SemestreI/FundamentosDeArquitecturaDeComputadores/Proyectos/ProyectoIndividualI/O_Soto_compu_archi_found_1SG1_2025/Proyecto1/Alu_4b.sv Line: 31
Info (12128): Elaborating entity "sub_4b" for hierarchy "Alu_4b:alu_4bits|sub_4b:u_sub" File: C:/Users/josea/OneDrive/Escritorio/Andres/TEC/2025_SemestreI/FundamentosDeArquitecturaDeComputadores/Proyectos/ProyectoIndividualI/O_Soto_compu_archi_found_1SG1_2025/Proyecto1/Alu_4b.sv Line: 37
Info (12128): Elaborating entity "full_adder" for hierarchy "Alu_4b:alu_4bits|sub_4b:u_sub|full_adder:FA0" File: C:/Users/josea/OneDrive/Escritorio/Andres/TEC/2025_SemestreI/FundamentosDeArquitecturaDeComputadores/Proyectos/ProyectoIndividualI/O_Soto_compu_archi_found_1SG1_2025/Proyecto1/sub_4b.sv Line: 20
Info (12128): Elaborating entity "mult_4b" for hierarchy "Alu_4b:alu_4bits|mult_4b:u_mult" File: C:/Users/josea/OneDrive/Escritorio/Andres/TEC/2025_SemestreI/FundamentosDeArquitecturaDeComputadores/Proyectos/ProyectoIndividualI/O_Soto_compu_archi_found_1SG1_2025/Proyecto1/Alu_4b.sv Line: 43
Info (12128): Elaborating entity "ripple_adder" for hierarchy "Alu_4b:alu_4bits|mult_4b:u_mult|ripple_adder:add1" File: C:/Users/josea/OneDrive/Escritorio/Andres/TEC/2025_SemestreI/FundamentosDeArquitecturaDeComputadores/Proyectos/ProyectoIndividualI/O_Soto_compu_archi_found_1SG1_2025/Proyecto1/mult_4b.sv Line: 36
Info (12128): Elaborating entity "mux4_1" for hierarchy "Alu_4b:alu_4bits|mux4_1:mux_out" File: C:/Users/josea/OneDrive/Escritorio/Andres/TEC/2025_SemestreI/FundamentosDeArquitecturaDeComputadores/Proyectos/ProyectoIndividualI/O_Soto_compu_archi_found_1SG1_2025/Proyecto1/Alu_4b.sv Line: 52
Info (12128): Elaborating entity "hex7seg" for hierarchy "hex7seg:result_display" File: C:/Users/josea/OneDrive/Escritorio/Andres/TEC/2025_SemestreI/FundamentosDeArquitecturaDeComputadores/Proyectos/ProyectoIndividualI/O_Soto_compu_archi_found_1SG1_2025/Proyecto1/main_Top.sv Line: 35
Info (12128): Elaborating entity "pwm" for hierarchy "pwm:pwm_inst" File: C:/Users/josea/OneDrive/Escritorio/Andres/TEC/2025_SemestreI/FundamentosDeArquitecturaDeComputadores/Proyectos/ProyectoIndividualI/O_Soto_compu_archi_found_1SG1_2025/Proyecto1/main_Top.sv Line: 42
Warning (10036): Verilog HDL or VHDL warning at pwm.sv(10): object "diff" assigned a value but never read File: C:/Users/josea/OneDrive/Escritorio/Andres/TEC/2025_SemestreI/FundamentosDeArquitecturaDeComputadores/Proyectos/ProyectoIndividualI/O_Soto_compu_archi_found_1SG1_2025/Proyecto1/pwm.sv Line: 10
Warning (12241): 3 hierarchies have connectivity warnings - see the Connectivity Checks report folder
Info: Quartus Prime Analysis & Elaboration was successful. 0 errors, 13 warnings
    Info: Peak virtual memory: 4764 megabytes
    Info: Processing ended: Tue May 27 14:20:43 2025
    Info: Elapsed time: 00:00:17
    Info: Total CPU time (on all processors): 00:00:38


